Unity Editor version:    2020.3.28f1 (f5400f52e03f)
Branch:                  2020.3/staging
Build type:              Release
Batch mode:              YES
macOS version:           Version 12.3 (Build 21E230)
Darwin version:          21.4.0
Architecture:            x86_64
Running under Rosetta:   NO
Available memory:        8192 MB
Using pre-set license
Pro License: NO

COMMAND LINE ARGUMENTS:
/Users/imjuyeong/Desktop/2020.3.28f1/Unity.app/Contents/MacOS/Unity
-adb2
-batchMode
-noUpm
-name
AssetImportWorker1
-projectPath
/Users/imjuyeong/Documents/Unity/Submission_LimJuYeongReal/Submission LimJuYeong
-logFile
Logs/AssetImportWorker1.log
-srvPort
50875
Successfully changed project path to: /Users/imjuyeong/Documents/Unity/Submission_LimJuYeongReal/Submission LimJuYeong
/Users/imjuyeong/Documents/Unity/Submission_LimJuYeongReal/Submission LimJuYeong
Using Asset Import Pipeline V2.
Refreshing native plugins compatible for Editor in 261.83 ms, found 3 plugins.
Preloading 0 native plugins for Editor in 0.00 ms.
Initialize engine version: 2020.3.28f1 (f5400f52e03f)
[Subsystems] Discovering subsystems at path /Users/imjuyeong/Desktop/2020.3.28f1/Unity.app/Contents/Resources/UnitySubsystems
[Subsystems] Discovering subsystems at path /Users/imjuyeong/Documents/Unity/Submission_LimJuYeongReal/Submission LimJuYeong/Assets
GfxDevice: creating device client; threaded=0
2022-04-24 10:00:58.377 Unity[64104:2354242] iMac preferred device: AMD Radeon Pro 555 (high power)
2022-04-24 10:00:58.377 Unity[64104:2354242] Metal devices available: 1
2022-04-24 10:00:58.377 Unity[64104:2354242] 0: AMD Radeon Pro 555 (high power)
2022-04-24 10:00:58.377 Unity[64104:2354242] Using device AMD Radeon Pro 555 (high power)
Initializing Metal device caps: AMD Radeon Pro 555
Initialize mono
Mono path[0] = '/Users/imjuyeong/Desktop/2020.3.28f1/Unity.app/Contents/Managed'
Mono path[1] = '/Users/imjuyeong/Desktop/2020.3.28f1/Unity.app/Contents/MonoBleedingEdge/lib/mono/unityjit'
Mono config path = '/Users/imjuyeong/Desktop/2020.3.28f1/Unity.app/Contents/MonoBleedingEdge/etc'
Using monoOptions --debugger-agent=transport=dt_socket,embedding=1,server=y,suspend=n,address=127.0.0.1:56104
Begin MonoManager ReloadAssembly
Registering precompiled unity dll's ...
Register platform support module: /Users/imjuyeong/Desktop/2020.3.28f1/PlaybackEngines/WebGLSupport/UnityEditor.WebGL.Extensions.dll
Register platform support module: /Users/imjuyeong/Desktop/2020.3.28f1/Unity.app/Contents/PlaybackEngines/MacStandaloneSupport/UnityEditor.OSXStandalone.Extensions.dll
Register platform support module: /Users/imjuyeong/Desktop/2020.3.28f1/PlaybackEngines/WindowsStandaloneSupport/UnityEditor.WindowsStandalone.Extensions.dll
Registered in 0.000656 seconds.
Native extension for WindowsStandalone target not found
Native extension for OSXStandalone target not found
Native extension for WebGL target not found
Refreshing native plugins compatible for Editor in 52.14 ms, found 3 plugins.
Preloading 0 native plugins for Editor in 0.00 ms.
Mono: successfully reloaded assembly
- Completed reload, in  0.810 seconds
Domain Reload Profiling:
	ReloadAssembly (811ms)
		BeginReloadAssembly (68ms)
			ExecutionOrderSort (0ms)
			DisableScriptedObjects (0ms)
			BackupInstance (0ms)
			ReleaseScriptingObjects (0ms)
			CreateAndSetChildDomain (1ms)
		EndReloadAssembly (658ms)
			LoadAssemblies (67ms)
			RebuildTransferFunctionScriptingTraits (0ms)
			SetupTypeCache (232ms)
			ReleaseScriptCaches (0ms)
			RebuildScriptCaches (60ms)
			SetupLoadedEditorAssemblies (242ms)
				LogAssemblyErrors (0ms)
				InitializePlatformSupportModulesInManaged (8ms)
				SetLoadedEditorAssemblies (0ms)
				RefreshPlugins (52ms)
				BeforeProcessingInitializeOnLoad (30ms)
				ProcessInitializeOnLoadAttributes (114ms)
				ProcessInitializeOnLoadMethodAttributes (37ms)
				AfterProcessingInitializeOnLoad (0ms)
				EditorAssembliesLoaded (0ms)
			ExecutionOrderSort2 (0ms)
			AwakeInstancesAfterBackupRestoration (0ms)
Platform modules already initialized, skipping
Registering precompiled user dll's ...
Registered in 0.040811 seconds.
Begin MonoManager ReloadAssembly
Native extension for WindowsStandalone target not found
Native extension for OSXStandalone target not found
Native extension for WebGL target not found
Refreshing native plugins compatible for Editor in 51.70 ms, found 3 plugins.
Preloading 0 native plugins for Editor in 0.00 ms.
Mono: successfully reloaded assembly
- Completed reload, in  1.441 seconds
Domain Reload Profiling:
	ReloadAssembly (1442ms)
		BeginReloadAssembly (183ms)
			ExecutionOrderSort (0ms)
			DisableScriptedObjects (6ms)
			BackupInstance (0ms)
			ReleaseScriptingObjects (0ms)
			CreateAndSetChildDomain (27ms)
		EndReloadAssembly (1188ms)
			LoadAssemblies (90ms)
			RebuildTransferFunctionScriptingTraits (0ms)
			SetupTypeCache (443ms)
			ReleaseScriptCaches (0ms)
			RebuildScriptCaches (73ms)
			SetupLoadedEditorAssemblies (433ms)
				LogAssemblyErrors (0ms)
				InitializePlatformSupportModulesInManaged (5ms)
				SetLoadedEditorAssemblies (0ms)
				RefreshPlugins (52ms)
				BeforeProcessingInitializeOnLoad (84ms)
				ProcessInitializeOnLoadAttributes (272ms)
				ProcessInitializeOnLoadMethodAttributes (18ms)
				AfterProcessingInitializeOnLoad (1ms)
				EditorAssembliesLoaded (0ms)
			ExecutionOrderSort2 (0ms)
			AwakeInstancesAfterBackupRestoration (8ms)
Platform modules already initialized, skipping
Validating Project structure ... 0.001277 seconds.
Shader import version has changed; will reimport all shaders...
Upgrading shader files ...0.001167 seconds.
Application.AssetDatabase Initial Script Refresh Start
RefreshInfo: InitialScriptRefreshV2(NoUpdateAssetOptions) scanfilter:  ... 1 filters
RefreshProfiler: Total: 0.000ms
Application.AssetDatabase Initial Script Refresh End
Application.AssetDatabase.Refresh Start
Application.AssetDatabase.Refresh End
RefreshInfo: StopAssetImportingV2(ForceSynchronousImport) scanfilter: 
RefreshProfiler: Total: 0.000ms
Launching external process: /Users/imjuyeong/Desktop/2020.3.28f1/Unity.app/Contents/Tools/UnityShaderCompiler
Launched and connected shader compiler UnityShaderCompiler after 0.19 seconds
Initializing Unity extensions:
2022-04-24 10:01:03.635 Unity[64104:2354242] NSEventModifierFlagFunction specified to -setKeyEquivalentModifierMask: for item <NSMenuItem: 0x600003569810 Font Asset, ke='Command-F12'>, but is only supported for system-provided menu items; will not be used
2022-04-24 10:01:03.639 Unity[64104:2354242] NSEventModifierFlagFunction specified to -setKeyEquivalentModifierMask: for item <NSMenuItem: 0x60000351a5a0 Font Asset, ke='Command-F12'>, but is only supported for system-provided menu items; will not be used
========================================================================
Worker process is ready to serve import requests
Refreshing native plugins compatible for Editor in 0.52 ms, found 3 plugins.
Preloading 0 native plugins for Editor in 0.00 ms.
Unloading 2211 Unused Serialized files (Serialized files now loaded: 0)
System memory in use before: 217.0 MB.
System memory in use after: 216.1 MB.

Unloading 121 unused Assets to reduce memory usage. Loaded Objects now: 2679.
Total: 55.681038 ms (FindLiveObjects: 0.271171 ms CreateObjectMapping: 0.106242 ms MarkObjects: 54.631094 ms  DeleteObjects: 0.671223 ms)

AssetImportParameters requested are different than current active one (requested -> active):
  custom:video-decoder-ogg-theora: a1e56fd34408186e4bbccfd4996cb3dc -> 
  custom:container-muxer-webm: aa71ff27fc2769a1b78a27578f13a17b -> 
  custom:container-demuxer-webm: 4f35f7cbe854078d1ac9338744f61a02 -> 
  custom:container-demuxer-ogg: 62fdf1f143b41e24485cea50d1cbac27 -> 
  custom:video-encoder-webm-vp8: eb34c28f22e8b96e1ab97ce403110664 -> 
  custom:framework-osx-AVFoundation: e770b220cccbd017edd2c1fefb359320 -> 
  custom:video-decoder-webm-vp8: 9c59270c3fd7afecdb556c50c9e8de78 -> 
  custom:audio-decoder-ogg-vorbis: bf7c407c2cedff20999df2af8eb42d56 -> 
  custom:audio-encoder-webm-vorbis: bf7c407c2cedff20999df2af8eb42d56 -> 
========================================================================
Received Import Request.
  path: Assets/01. Scritps/GameManager.cs
  artifactKey: Guid(295e11ee196874262a59562e3328ad7c) Importer(815301076,1909f56bfc062723c751e8b465ee728b)
Start importing Assets/01. Scritps/GameManager.cs using Guid(295e11ee196874262a59562e3328ad7c) Importer(815301076,1909f56bfc062723c751e8b465ee728b)  -> (artifact id: 'bd239205cfb13c087f0845feca6a23ce') in 0.495116 seconds 
  Import took 0.502253 seconds .

========================================================================
Received Import Request.
  Time since last request: 32.855642 seconds.
  path: Assets/01. Scritps/ChangeScene.cs
  artifactKey: Guid(1ec00c4a638bc9547b2f0df9580a28b0) Importer(815301076,1909f56bfc062723c751e8b465ee728b)
Start importing Assets/01. Scritps/ChangeScene.cs using Guid(1ec00c4a638bc9547b2f0df9580a28b0) Importer(815301076,1909f56bfc062723c751e8b465ee728b)  -> (artifact id: '68454af85276a9ea257cae560abb4ed7') in 0.004177 seconds 
  Import took 0.007798 seconds .

========================================================================
Received Import Request.
  Time since last request: 3.117853 seconds.
  path: Assets/01. Scritps/CamFollow.cs
  artifactKey: Guid(c3f1e66f7a721274fa62216f35644480) Importer(815301076,1909f56bfc062723c751e8b465ee728b)
Start importing Assets/01. Scritps/CamFollow.cs using Guid(c3f1e66f7a721274fa62216f35644480) Importer(815301076,1909f56bfc062723c751e8b465ee728b)  -> (artifact id: '0bed0ac1b4c04f89e6050b367557ca9b') in 0.003633 seconds 
  Import took 0.007125 seconds .

